=~=~=~=~=~=~=~=~=~=~=~= PuTTY log 2019.03.24 19:56:19 =~=~=~=~=~=~=~=~=~=~=~=
279
278
278
279
279
278
278
279
279
278
279
278
278
279
279
278
278
278
278
278
278
278
279
278
278
277
277
278
277
276
277
277
278
277
278
278
278
278
279
278
278
278
279
278
277
278
278
278
279
279
278
278
278
279
279
279
278
279
278
278
278
279
279
279
279
279
279
278
278
279
279
278
279
279
278
279
278
278
278
278
278
278
278
277
277
276
277
277
277
277
277
277
277
277
276
276
276
276
277
277
277
277
277
276
276
276
276
276
277
277
276
276
276
276
275
275
276
276
275
276
276
276
276
275
276
276
276
276
276
276
276
276
275
275
275
275
275
276
275
275
274
275
274
274
275
274
272
274
274
274
274
274
275
274
274
274
274
274
274
274
274
274
274
273
273
273
274
273
272
273
273
273
273
273
273
273
273
273
273
273
273
273
273
272
273
272
273
273
272
273
272
273
272
272
272
272
272
272
272
272
271
271
271
271
272
271
271
272
271
271
271
271
271
271
271
271
271
271
270
270
270
270
270
271
270
270
270
270
270
270
270
270
269
269
269
269
269
269
268
269
269
268
268
269
268
268
268
268
268
268
268
268
268
268
268
268
268
267
267
267
267
268
267
267
267
267
267
267
265
479
484
481
481
481
480
481
481
481
472
473
474
475
476
477
477
477
